2021-03-18 18:18:53.362  INFO 10524 --- [restartedMain] sia.tacocloud.TacoCloudApplication       : Starting TacoCloudApplication using Java 1.8.0_281 on DESKTOP-80CBD4I with PID 10524 (C:\Users\Ivaylo\Desktop\Taco\5\taco-cloud-log\target\classes started by Ivaylo in C:\Users\Ivaylo\Desktop\Taco\5\taco-cloud-log)
2021-03-18 18:18:53.385  INFO 10524 --- [restartedMain] sia.tacocloud.TacoCloudApplication       : No active profile set, falling back to default profiles: default
2021-03-18 18:18:53.553  INFO 10524 --- [restartedMain] .e.DevToolsPropertyDefaultsPostProcessor : Devtools property defaults active! Set 'spring.devtools.add-properties' to 'false' to disable
2021-03-18 18:18:53.556  INFO 10524 --- [restartedMain] .e.DevToolsPropertyDefaultsPostProcessor : For additional web related logging consider setting the 'logging.level.web' property to 'DEBUG'
2021-03-18 18:18:55.562  INFO 10524 --- [restartedMain] .s.d.r.c.RepositoryConfigurationDelegate : Bootstrapping Spring Data JPA repositories in DEFAULT mode.
2021-03-18 18:18:55.681  INFO 10524 --- [restartedMain] .s.d.r.c.RepositoryConfigurationDelegate : Finished Spring Data repository scanning in 102 ms. Found 4 JPA repository interfaces.
2021-03-18 18:18:57.542  INFO 10524 --- [restartedMain] o.s.b.w.embedded.tomcat.TomcatWebServer  : Tomcat initialized with port(s): 8002 (http)
2021-03-18 18:18:57.553  INFO 10524 --- [restartedMain] o.apache.catalina.core.StandardService   : Starting service [Tomcat]
2021-03-18 18:18:57.553  INFO 10524 --- [restartedMain] org.apache.catalina.core.StandardEngine  : Starting Servlet engine: [Apache Tomcat/9.0.44]
2021-03-18 18:18:57.762  INFO 10524 --- [restartedMain] o.a.c.c.C.[Tomcat].[localhost].[/]       : Initializing Spring embedded WebApplicationContext
2021-03-18 18:18:57.763  INFO 10524 --- [restartedMain] w.s.c.ServletWebServerApplicationContext : Root WebApplicationContext: initialization completed in 4206 ms
2021-03-18 18:18:58.093  INFO 10524 --- [restartedMain] com.zaxxer.hikari.HikariDataSource       : HikariPool-1 - Starting...
2021-03-18 18:18:58.594  INFO 10524 --- [restartedMain] com.zaxxer.hikari.HikariDataSource       : HikariPool-1 - Start completed.
2021-03-18 18:18:59.636  INFO 10524 --- [restartedMain] o.hibernate.jpa.internal.util.LogHelper  : HHH000204: Processing PersistenceUnitInfo [name: default]
2021-03-18 18:18:59.818  INFO 10524 --- [restartedMain] org.hibernate.Version                    : HHH000412: Hibernate ORM core version 5.4.29.Final
2021-03-18 18:19:00.125  INFO 10524 --- [restartedMain] o.hibernate.annotations.common.Version   : HCANN000001: Hibernate Commons Annotations {5.1.2.Final}
2021-03-18 18:19:00.433  INFO 10524 --- [restartedMain] org.hibernate.dialect.Dialect            : HHH000400: Using dialect: org.hibernate.dialect.MySQL8Dialect
2021-03-18 18:19:02.546  INFO 10524 --- [restartedMain] o.h.e.t.j.p.i.JtaPlatformInitiator       : HHH000490: Using JtaPlatform implementation: [org.hibernate.engine.transaction.jta.platform.internal.NoJtaPlatform]
2021-03-18 18:19:02.845  INFO 10524 --- [restartedMain] j.LocalContainerEntityManagerFactoryBean : Initialized JPA EntityManagerFactory for persistence unit 'default'
2021-03-18 18:19:03.050  WARN 10524 --- [restartedMain] JpaBaseConfiguration$JpaWebConfiguration : spring.jpa.open-in-view is enabled by default. Therefore, database queries may be performed during view rendering. Explicitly configure spring.jpa.open-in-view to disable this warning
2021-03-18 18:19:04.728  INFO 10524 --- [restartedMain] o.s.s.web.DefaultSecurityFilterChain     : Will secure any request with [org.springframework.security.web.context.request.async.WebAsyncManagerIntegrationFilter@7718bf6d, org.springframework.security.web.context.SecurityContextPersistenceFilter@543406a6, org.springframework.security.web.header.HeaderWriterFilter@7438e551, org.springframework.security.web.csrf.CsrfFilter@b21e958, org.springframework.security.web.authentication.logout.LogoutFilter@af89464, org.springframework.security.web.authentication.UsernamePasswordAuthenticationFilter@5b32e407, org.springframework.security.web.savedrequest.RequestCacheAwareFilter@39f83443, org.springframework.security.web.servletapi.SecurityContextHolderAwareRequestFilter@53a4bca2, org.springframework.security.web.authentication.AnonymousAuthenticationFilter@a84a0cc, org.springframework.security.web.session.SessionManagementFilter@5501affe, org.springframework.security.web.access.ExceptionTranslationFilter@55bce8bc, org.springframework.security.web.access.intercept.FilterSecurityInterceptor@4f62461]
2021-03-18 18:19:05.087  INFO 10524 --- [restartedMain] o.s.s.concurrent.ThreadPoolTaskExecutor  : Initializing ExecutorService 'applicationTaskExecutor'
2021-03-18 18:19:05.639  INFO 10524 --- [restartedMain] o.s.b.d.a.OptionalLiveReloadServer       : LiveReload server is running on port 35729
2021-03-18 18:19:05.731  INFO 10524 --- [restartedMain] o.s.b.w.embedded.tomcat.TomcatWebServer  : Tomcat started on port(s): 8002 (http) with context path ''
2021-03-18 18:19:05.759  INFO 10524 --- [restartedMain] sia.tacocloud.TacoCloudApplication       : Started TacoCloudApplication in 13.506 seconds (JVM running for 14.44)
